<?xml version="1.0" encoding="UTF-8"?>
<!-- Generated by org.testng.reporters.JUnitXMLReporter -->
<testsuite hostname="Abhi" ignored="0" name="CRM TestCases" tests="3" failures="0" timestamp="05 Jul 2020 13:59:13 GMT" time="58.409" errors="0">
  <testcase name="verifyHomePageTitle" time="5.577" classname="com.crm.testcases.HomePageTest"/>
  <testcase name="loginPageTitleTest" time="0.016" classname="com.crm.testcases.LoginPageTest"/>
  <testcase name="loginTest" time="5.205" classname="com.crm.testcases.LoginPageTest"/>
</testsuite> <!-- CRM TestCases -->
