<?xml version="1.0" encoding="UTF-8"?>
<!-- Generated by org.testng.reporters.JUnitXMLReporter -->
<testsuite hostname="Abhi" ignored="0" name="CRM TestCases" tests="3" failures="1" timestamp="28 Jun 2020 19:24:21 GMT" time="46.753" errors="0">
  <testcase name="verifyHomePageTitle" time="7.596" classname="com.crm.testcases.HomePageTest"/>
  <testcase name="loginPageTitleTest" time="0.021" classname="com.crm.testcases.LoginPageTest"/>
  <testcase name="loginTest" time="3.355" classname="com.crm.testcases.LoginPageTest">
    <failure type="java.lang.AssertionError" message="Login Failed expected [Abhi Lans] but found [Abhi Lan]">
      <![CDATA[java.lang.AssertionError: Login Failed expected [Abhi Lans] but found [Abhi Lan]
	at com.crm.testcases.LoginPageTest.loginTest(LoginPageTest.java:37)
... Removed 30 stack frames]]>
    </failure>
  </testcase> <!-- loginTest -->
</testsuite> <!-- CRM TestCases -->
