<?xml version="1.0" encoding="UTF-8"?>
<!-- Generated by org.testng.reporters.JUnitXMLReporter -->
<testsuite hostname="Abhi" ignored="0" name="Test" tests="6" failures="0" timestamp="28 Jun 2020 13:24:26 GMT" time="112.298" errors="0">
  <testcase name="verifyHomePageTitle" time="7.003" classname="com.crm.testcases.HomePageTest"/>
  <testcase name="validateCreateNewContact" time="10.826" classname="com.crm.testcases.ContactPageTest"/>
  <testcase name="validateCreateNewContact" time="10.921" classname="com.crm.testcases.ContactPageTest"/>
  <testcase name="validateCreateNewContact" time="8.823" classname="com.crm.testcases.ContactPageTest"/>
  <testcase name="loginPageTitleTest" time="0.064" classname="com.crm.testcases.LoginPageTest"/>
  <testcase name="loginTest" time="6.31" classname="com.crm.testcases.LoginPageTest"/>
</testsuite> <!-- Test -->
