<?xml version="1.0" encoding="UTF-8"?>
<!-- Generated by org.testng.reporters.JUnitXMLReporter -->
<testsuite hostname="Abhi" ignored="0" name="CRM TestCases" tests="3" failures="0" timestamp="28 Jun 2020 19:49:21 GMT" time="72.187" errors="0">
  <testcase name="verifyHomePageTitle" time="9.821" classname="com.crm.testcases.HomePageTest"/>
  <testcase name="loginPageTitleTest" time="0.018" classname="com.crm.testcases.LoginPageTest"/>
  <testcase name="loginTest" time="7.369" classname="com.crm.testcases.LoginPageTest"/>
</testsuite> <!-- CRM TestCases -->
