<?xml version="1.0" encoding="UTF-8"?>
<!-- Generated by org.testng.reporters.JUnitXMLReporter -->
<testsuite hostname="Abhi" ignored="0" name="Default test" tests="3" failures="0" timestamp="05 Jul 2020 13:23:08 GMT" time="143.628" errors="0">
  <testcase name="validateCreateNewContact" time="28.2" classname="com.crm.testcases.ContactPageTest"/>
  <testcase name="validateCreateNewContact" time="29.749" classname="com.crm.testcases.ContactPageTest"/>
  <testcase name="validateCreateNewContact" time="29.125" classname="com.crm.testcases.ContactPageTest"/>
</testsuite> <!-- Default test -->
